[NbConvertApp] Converting notebook gedi_pt2.ipynb to notebook
reading loom file via hdf5r...
reading loom file via hdf5r...
reading loom file via hdf5r...
Process 2691671 dead!
Process 2691671 detected
[NbConvertApp] Writing 132301 bytes to gedi_pt2.nbconvert.ipynb
[NbConvertApp] Converting notebook gedi_pt2.ipynb to notebook
reading loom file via hdf5r...
reading loom file via hdf5r...
reading loom file via hdf5r...
[NbConvertApp] ERROR | Kernel died while waiting for execute reply.
Traceback (most recent call last):
  File "/home/ssobti/miniconda3/envs/gedi/bin/jupyter-nbconvert", line 10, in <module>
    sys.exit(main())
             ^^^^^^
  File "/home/ssobti/miniconda3/envs/gedi/lib/python3.12/site-packages/jupyter_core/application.py", line 283, in launch_instance
    super().launch_instance(argv=argv, **kwargs)
  File "/home/ssobti/miniconda3/envs/gedi/lib/python3.12/site-packages/traitlets/config/application.py", line 1075, in launch_instance
    app.start()
  File "/home/ssobti/miniconda3/envs/gedi/lib/python3.12/site-packages/nbconvert/nbconvertapp.py", line 420, in start
    self.convert_notebooks()
  File "/home/ssobti/miniconda3/envs/gedi/lib/python3.12/site-packages/nbconvert/nbconvertapp.py", line 597, in convert_notebooks
    self.convert_single_notebook(notebook_filename)
  File "/home/ssobti/miniconda3/envs/gedi/lib/python3.12/site-packages/nbconvert/nbconvertapp.py", line 563, in convert_single_notebook
    output, resources = self.export_single_notebook(
                        ^^^^^^^^^^^^^^^^^^^^^^^^^^^^
  File "/home/ssobti/miniconda3/envs/gedi/lib/python3.12/site-packages/nbconvert/nbconvertapp.py", line 487, in export_single_notebook
    output, resources = self.exporter.from_filename(
                        ^^^^^^^^^^^^^^^^^^^^^^^^^^^^
  File "/home/ssobti/miniconda3/envs/gedi/lib/python3.12/site-packages/nbconvert/exporters/exporter.py", line 201, in from_filename
    return self.from_file(f, resources=resources, **kw)
           ^^^^^^^^^^^^^^^^^^^^^^^^^^^^^^^^^^^^^^^^^^^^
  File "/home/ssobti/miniconda3/envs/gedi/lib/python3.12/site-packages/nbconvert/exporters/exporter.py", line 220, in from_file
    return self.from_notebook_node(
           ^^^^^^^^^^^^^^^^^^^^^^^^
  File "/home/ssobti/miniconda3/envs/gedi/lib/python3.12/site-packages/nbconvert/exporters/notebook.py", line 36, in from_notebook_node
    nb_copy, resources = super().from_notebook_node(nb, resources, **kw)
                         ^^^^^^^^^^^^^^^^^^^^^^^^^^^^^^^^^^^^^^^^^^^^^^^
  File "/home/ssobti/miniconda3/envs/gedi/lib/python3.12/site-packages/nbconvert/exporters/exporter.py", line 154, in from_notebook_node
    nb_copy, resources = self._preprocess(nb_copy, resources)
                         ^^^^^^^^^^^^^^^^^^^^^^^^^^^^^^^^^^^^
  File "/home/ssobti/miniconda3/envs/gedi/lib/python3.12/site-packages/nbconvert/exporters/exporter.py", line 353, in _preprocess
    nbc, resc = preprocessor(nbc, resc)
                ^^^^^^^^^^^^^^^^^^^^^^^
  File "/home/ssobti/miniconda3/envs/gedi/lib/python3.12/site-packages/nbconvert/preprocessors/base.py", line 48, in __call__
    return self.preprocess(nb, resources)
           ^^^^^^^^^^^^^^^^^^^^^^^^^^^^^^
  File "/home/ssobti/miniconda3/envs/gedi/lib/python3.12/site-packages/nbconvert/preprocessors/execute.py", line 102, in preprocess
    self.preprocess_cell(cell, resources, index)
  File "/home/ssobti/miniconda3/envs/gedi/lib/python3.12/site-packages/nbconvert/preprocessors/execute.py", line 123, in preprocess_cell
    cell = self.execute_cell(cell, index, store_history=True)
           ^^^^^^^^^^^^^^^^^^^^^^^^^^^^^^^^^^^^^^^^^^^^^^^^^^
  File "/home/ssobti/miniconda3/envs/gedi/lib/python3.12/site-packages/jupyter_core/utils/__init__.py", line 165, in wrapped
    return loop.run_until_complete(inner)
           ^^^^^^^^^^^^^^^^^^^^^^^^^^^^^^
  File "/home/ssobti/miniconda3/envs/gedi/lib/python3.12/asyncio/base_events.py", line 685, in run_until_complete
    return future.result()
           ^^^^^^^^^^^^^^^
  File "/home/ssobti/miniconda3/envs/gedi/lib/python3.12/site-packages/nbclient/client.py", line 1005, in async_execute_cell
    raise DeadKernelError("Kernel died") from None
nbclient.exceptions.DeadKernelError: Kernel died
[NbConvertApp] Converting notebook gedi_pt2.ipynb to notebook
reading loom file via hdf5r...
reading loom file via hdf5r...
reading loom file via hdf5r...
[NbConvertApp] Writing 529599 bytes to gedi_pt2.nbconvert.ipynb
[NbConvertApp] Converting notebook gedi_pt3_seed1.ipynb to notebook
[NbConvertApp] Converting notebook gedi_pt3_seed2.ipynb to notebook
[NbConvertApp] Converting notebook gedi_pt3_seed3.ipynb to notebook
[NbConvertApp] Converting notebook gedi_pt3_seed4.ipynb to notebook
[NbConvertApp] Converting notebook gedi_pt3_seed5.ipynb to notebook
[NbConvertApp] Converting notebook gedi_pt3_seed6.ipynb to notebook
[NbConvertApp] Converting notebook gedi_pt3_seed7.ipynb to notebook
[NbConvertApp] Converting notebook gedi_pt3_seed8.ipynb to notebook
[NbConvertApp] Converting notebook gedi_pt3_seed9.ipynb to notebook
[NbConvertApp] Converting notebook gedi_pt3_seed10.ipynb to notebook
[NbConvertApp] Writing 141479 bytes to gedi_pt3_seed1.nbconvert.ipynb
[NbConvertApp] Writing 144827 bytes to gedi_pt3_seed2.nbconvert.ipynb
[NbConvertApp] Writing 141631 bytes to gedi_pt3_seed3.nbconvert.ipynb
[NbConvertApp] Writing 142615 bytes to gedi_pt3_seed4.nbconvert.ipynb
[NbConvertApp] Writing 143621 bytes to gedi_pt3_seed5.nbconvert.ipynb
[NbConvertApp] Writing 141895 bytes to gedi_pt3_seed6.nbconvert.ipynb
[NbConvertApp] Writing 142849 bytes to gedi_pt3_seed7.nbconvert.ipynb
[NbConvertApp] Writing 143051 bytes to gedi_pt3_seed8.nbconvert.ipynb
[NbConvertApp] Writing 141221 bytes to gedi_pt3_seed9.nbconvert.ipynb
[NbConvertApp] Writing 137316 bytes to gedi_pt3_seed10.nbconvert.ipynb
