[NbConvertApp] Converting notebook /home/ssobti/projects/mir_tud/notebooks/mave_troubleshooting_notebooks/multi_guide_cells/MAVE_trial_trblshoot_weight_shifting_R10000_K1_C1_T0.01.ipynb to notebook
[NbConvertApp] Converting notebook /home/ssobti/projects/mir_tud/notebooks/mave_troubleshooting_notebooks/multi_guide_cells/MAVE_trial_trblshoot_weight_shifting_R10000_K1_C1_T10000.ipynb to notebook
[NbConvertApp] Converting notebook /home/ssobti/projects/mir_tud/notebooks/mave_troubleshooting_notebooks/multi_guide_cells/MAVE_trial_trblshoot_weight_shifting_R10000_K1_C1_T0.000001.ipynb to notebook
[NbConvertApp] Writing 1751097 bytes to /home/ssobti/projects/mir_tud/notebooks/mave_troubleshooting_notebooks/multi_guide_cells/MAVE_trial_trblshoot_weight_shifting_R10000_K1_C1_T0.000001.nbconvert.ipynb
[NbConvertApp] Writing 1750076 bytes to /home/ssobti/projects/mir_tud/notebooks/mave_troubleshooting_notebooks/multi_guide_cells/MAVE_trial_trblshoot_weight_shifting_R10000_K1_C1_T10000.nbconvert.ipynb
[NbConvertApp] Writing 1741005 bytes to /home/ssobti/projects/mir_tud/notebooks/mave_troubleshooting_notebooks/multi_guide_cells/MAVE_trial_trblshoot_weight_shifting_R10000_K1_C1_T0.01.nbconvert.ipynb
[NbConvertApp] Converting notebook /home/ssobti/projects/mir_tud/notebooks/mave_troubleshooting_notebooks/multi_guide_cell_group/MAVE_trial_trblshoot_weight_shifting_R10000_K1_C1_T0.01.ipynb to notebook
[NbConvertApp] Converting notebook /home/ssobti/projects/mir_tud/notebooks/mave_troubleshooting_notebooks/multi_guide_cell_group/MAVE_trial_trblshoot_weight_shifting_R10000_K1_C1_T10000.ipynb to notebook
[NbConvertApp] Converting notebook /home/ssobti/projects/mir_tud/notebooks/mave_troubleshooting_notebooks/multi_guide_cell_group/MAVE_trial_trblshoot_weight_shifting_R10000_K1_C1_T0.000001.ipynb to notebook
[NbConvertApp] Writing 1741894 bytes to /home/ssobti/projects/mir_tud/notebooks/mave_troubleshooting_notebooks/multi_guide_cell_group/MAVE_trial_trblshoot_weight_shifting_R10000_K1_C1_T0.000001.nbconvert.ipynb
[NbConvertApp] Writing 1733472 bytes to /home/ssobti/projects/mir_tud/notebooks/mave_troubleshooting_notebooks/multi_guide_cell_group/MAVE_trial_trblshoot_weight_shifting_R10000_K1_C1_T0.01.nbconvert.ipynb
[NbConvertApp] Writing 1666119 bytes to /home/ssobti/projects/mir_tud/notebooks/mave_troubleshooting_notebooks/multi_guide_cell_group/MAVE_trial_trblshoot_weight_shifting_R10000_K1_C1_T10000.nbconvert.ipynb
[NbConvertApp] Converting notebook MAVE_trial_trblshoot_weight_shifting_R10000_K1_C1_T1.ipynb to notebook
[NbConvertApp] Converting notebook MAVE_trial_trblshoot_weight_shifting_R10000_K1NL_C1_T0.000001.ipynb to notebook
[NbConvertApp] Converting notebook MAVE_trial_trblshoot_weight_shifting_R10000_K1NL_C1_T0.01.ipynb to notebook
[NbConvertApp] Converting notebook MAVE_trial_trblshoot_weight_shifting_R10000_K1NL_C1_T1.ipynb to notebook
[NbConvertApp] Converting notebook MAVE_trial_trblshoot_weight_shifting_R10000_K1NL_C1_T10000.ipynb to notebook
[NbConvertApp] Writing 1719487 bytes to MAVE_trial_trblshoot_weight_shifting_R10000_K1_C1_T1.nbconvert.ipynb
[NbConvertApp] Writing 1742653 bytes to MAVE_trial_trblshoot_weight_shifting_R10000_K1NL_C1_T0.01.nbconvert.ipynb
[NbConvertApp] Writing 1722141 bytes to MAVE_trial_trblshoot_weight_shifting_R10000_K1NL_C1_T1.nbconvert.ipynb
[NbConvertApp] Writing 1745858 bytes to MAVE_trial_trblshoot_weight_shifting_R10000_K1NL_C1_T0.000001.nbconvert.ipynb
[NbConvertApp] Writing 1708802 bytes to MAVE_trial_trblshoot_weight_shifting_R10000_K1NL_C1_T10000.nbconvert.ipynb
