[NbConvertApp] Converting notebook miR_heterogeneity_nb_CV_gene_median_aboveorequalto0.01_updated_input_seed1.ipynb to notebook
[NbConvertApp] Converting notebook miR_heterogeneity_nb_CV_gene_median_aboveorequalto0.01_updated_input_seed2.ipynb to notebook
[NbConvertApp] Converting notebook miR_heterogeneity_nb_CV_gene_median_aboveorequalto0.01_updated_input_seed3.ipynb to notebook
[NbConvertApp] Converting notebook miR_heterogeneity_nb_CV_gene_median_aboveorequalto0.01_updated_input_seed4.ipynb to notebook
[NbConvertApp] Converting notebook miR_heterogeneity_nb_CV_gene_median_aboveorequalto0.01_updated_input_seed5.ipynb to notebook
[NbConvertApp] Converting notebook miR_heterogeneity_nb_CV_gene_median_aboveorequalto0.01_updated_input_seed6.ipynb to notebook
[NbConvertApp] Converting notebook miR_heterogeneity_nb_CV_gene_median_aboveorequalto0.01_updated_input_seed7.ipynb to notebook
[NbConvertApp] Converting notebook miR_heterogeneity_nb_CV_gene_median_aboveorequalto0.01_updated_input_seed8.ipynb to notebook
[NbConvertApp] Converting notebook miR_heterogeneity_nb_CV_gene_median_aboveorequalto0.01_updated_input_seed9.ipynb to notebook
[NbConvertApp] Converting notebook miR_heterogeneity_nb_CV_gene_median_aboveorequalto0.01_updated_input_seed10.ipynb to notebook
[NbConvertApp] Writing 77256 bytes to miR_heterogeneity_nb_CV_gene_median_aboveorequalto0.01_updated_input_seed1.nbconvert.ipynb
[NbConvertApp] Writing 77256 bytes to miR_heterogeneity_nb_CV_gene_median_aboveorequalto0.01_updated_input_seed4.nbconvert.ipynb
[NbConvertApp] Writing 77256 bytes to miR_heterogeneity_nb_CV_gene_median_aboveorequalto0.01_updated_input_seed3.nbconvert.ipynb
[NbConvertApp] Writing 77256 bytes to miR_heterogeneity_nb_CV_gene_median_aboveorequalto0.01_updated_input_seed8.nbconvert.ipynb
[NbConvertApp] Writing 77256 bytes to miR_heterogeneity_nb_CV_gene_median_aboveorequalto0.01_updated_input_seed7.nbconvert.ipynb
[NbConvertApp] Writing 77256 bytes to miR_heterogeneity_nb_CV_gene_median_aboveorequalto0.01_updated_input_seed2.nbconvert.ipynb
[NbConvertApp] Writing 77256 bytes to miR_heterogeneity_nb_CV_gene_median_aboveorequalto0.01_updated_input_seed9.nbconvert.ipynb
[NbConvertApp] Writing 77256 bytes to miR_heterogeneity_nb_CV_gene_median_aboveorequalto0.01_updated_input_seed5.nbconvert.ipynb
[NbConvertApp] Writing 77258 bytes to miR_heterogeneity_nb_CV_gene_median_aboveorequalto0.01_updated_input_seed10.nbconvert.ipynb
[NbConvertApp] Writing 77256 bytes to miR_heterogeneity_nb_CV_gene_median_aboveorequalto0.01_updated_input_seed6.nbconvert.ipynb
[NbConvertApp] Converting notebook miR_heterogeneity_nb_CV_gene_median_aboveorequalto0.01_updated_input.ipynb to notebook
Warning message:
ggrepel: 645 unlabeled data points (too many overlaps). Consider increasing max.overlaps 
[NbConvertApp] Writing 111231 bytes to miR_heterogeneity_nb_CV_gene_median_aboveorequalto0.01_updated_input.nbconvert.ipynb
